*** started 
*** CD=C:\Windows\system32 
*** Environment BEGIN 
ALLUSERSPROFILE=C:\ProgramData
APPDATA=C:\Users\alejandro\AppData\Roaming
CommonProgramFiles=C:\Program Files\Common Files
CommonProgramFiles(x86)=C:\Program Files (x86)\Common Files
CommonProgramW6432=C:\Program Files\Common Files
COMPUTERNAME=WINDOWS10
ComSpec=C:\Windows\system32\cmd.exe
HOMEDRIVE=C:
HOMEPATH=\Users\alejandro
LOCALAPPDATA=C:\Users\alejandro\AppData\Local
LOGONSERVER=\\WINDOWS10
MY_LOG_FILE=C:\vboxpostinstall.log
NUMBER_OF_PROCESSORS=4
OS=Windows_NT
Path=C:\Windows\system32;C:\Windows;C:\Windows\System32\Wbem;C:\Windows\System32\WindowsPowerShell\v1.0\;C:\Users\alejandro\AppData\Local\Microsoft\WindowsApps
PATHEXT=.COM;.EXE;.BAT;.CMD;.VBS;.VBE;.JS;.JSE;.WSF;.WSH;.MSC
PROCESSOR_ARCHITECTURE=AMD64
PROCESSOR_IDENTIFIER=Intel64 Family 6 Model 142 Stepping 12, GenuineIntel
PROCESSOR_LEVEL=6
PROCESSOR_REVISION=8e0cERROR
ProgramData=C:\ProgramData
ProgramFiles=C:\Program Files
ProgramFiles(x86)=C:\Program Files (x86)
ProgramW6432=C:\Program Files
PROMPT=$P$G
PSModulePath=C:\Program Files\WindowsPowerShell\Modules;C:\Windows\system32\WindowsPowerShell\v1.0\Modules
PUBLIC=C:\Users\Public
SystemDrive=C:
SystemRoot=C:\Windows
TEMP=C:\Users\ALEJAN~1\AppData\Local\Temp
TMP=C:\Users\ALEJAN~1\AppData\Local\Temp
USERDOMAIN=WINDOWS10
USERDOMAIN_ROAMINGPROFILE=WINDOWS10
USERNAME=alejandro
USERPROFILE=C:\Users\alejandro
windir=C:\Windows
*** Environment END 
*** done 
